7F09,00C4,0734,BE58,FF04,FFCA,009A,0040,
7F0E,005C,076C,BE18,FE91,FFEF,009D,0040,
7F13,00C4,0740,BEDC,FEAD,FFDE,009A,0040,
7F18,00E4,0724,BE58,FED7,FFCB,0093,0040,
7F1D,0104,06DC,BECC,FE88,FFCF,0081,0040,
7F22,00C0,0714,BE6C,FEA3,FFC5,008F,0061,
7F27,0038,074C,BE74,FECF,FFCC,009C,0061,
7F2C,00F0,079C,BEEC,FEC3,FFF0,008E,0061,
7F31,00E4,0720,BE44,FEAC,FFCE,007A,0061,
7F36,00A4,0784,BEEC,FEAE,FFCD,007B,0061,
7F3B,00E0,07A0,BE80,FEBF,FFC5,007D,0061,
7F40,00F4,077C,BE84,FEC2,FFF5,0094,0061,
7F45,0090,0720,BE90,FEA5,FFD9,0088,0061,
7F4A,0074,0768,BE7C,FEAF,FFC3,009B,0061,
7F4F,00E0,0748,BE2C,FEB4,FFE6,00A0,0061,
7F54,00D0,0750,BE58,FEBA,FFF7,0098,0061,
7F59,00AC,0764,BF70,FED3,FFEC,00A7,0061,
7F5E,017C,0684,BD68,0034,FFB7,0115,0061,
7F63,0128,0780,BD14,FEA5,FFFA,0095,0061,
7F68,00B8,0738,BF70,FF05,0009,008B,0061,
7F6D,00A0,0734,BF14,FE80,FFD8,008B,0061,
7F72,0114,0750,BF48,FEE6,FFDB,00A3,0061,
7F77,00BC,076C,BE98,FE97,FFD5,008F,0061,
7F7C,00AC,0770,BF08,FEBA,FFCE,008A,0061,
7F81,00F4,076C,BDCC,FEB4,FFD7,00A2,0061,
7F86,0098,0710,BED8,FEA5,FFE4,0098,0061,
7F8B,00B4,0790,BDA4,FEB5,FFCB,00B6,0061,
7F90,0100,070C,BE90,FE9F,FFCC,007E,0061,
7F95,00CC,0734,BF04,FEB9,FFD3,009C,0061,
7F9A,0080,0704,BE28,FEAB,FFDF,008E,0061,
7F9F,00D4,0724,BEA0,FEBC,FFCD,0087,0061,
7FA4,00F0,072C,BE4C,FEB8,FFEF,0081,0061,
7FA9,00D8,079C,BE4C,FEBA,FFD0,0094,0061,
7FAE,00A0,0770,BE44,FEB3,FFDC,0081,0061,
7FB3,0094,0740,BEB0,FEAD,FFC5,0090,0061,
7FB8,00FC,0744,BE34,FEBE,FFDD,00A3,0061,
7FBD,00F8,079C,BE84,FEB4,FFD2,0091,0061,
7FC2,00C8,0730,BE80,FEB7,FFCD,00A0,0061,
7FC7,00C4,06FC,BEA0,FEB7,FFCD,00AA,0061,
7FCC,00EC,0750,BEC0,FEB2,FFD4,0095,0061,
7FD1,0060,0738,BE5C,FEBD,FFD1,0093,0061,
7FD6,00A8,0748,BE60,FEC2,FFC7,008E,0061,
7FDB,0068,07BC,BED4,FEBE,FFEF,0093,0061,
7FE0,0074,075C,BE94,FEBF,FFD0,0084,0061,
7FE5,00E4,06F4,BDD0,FECB,FFE6,00A5,0061,
7FEA,00E4,0718,BE70,FEB5,FFD1,0087,0061,
7FEF,00C8,0730,BE60,FEC7,FFD0,008F,0061,
7FF4,007C,0730,BE40,FEC2,FFE0,0085,0061,
7FF9,0720,0F2C,8000,02CA,FC2C,04A6,0061,
7FFE,FB94,F87C,F574,F5EE,0654,FC2B,0061,
8003,0040,04C4,9C50,FDAF,FD83,0147,0061,
8008,0008,0130,C598,0512,044F,FFD6,0061,
800D,007C,0B9C,BD70,F7BA,FE8F,FFD9,0061,
8012,0074,0648,C550,01E1,01EE,013C,0061,
8017,00F8,07F8,B9B4,FBAE,FE8A,0094,0061,
801C,00CC,0560,C440,0123,00C1,0073,0061,
8021,014C,083C,B7F4,FDEB,FF22,00A7,0061,
8026,0094,0718,C1C4,FEA7,0038,0041,0061,
802B,00D8,07F8,BDDC,FF79,FFAE,00F3,0061,
8030,0120,06CC,BD6C,FDAA,FFF3,0052,0061,
8035,00D0,073C,C100,FFC6,FFF5,00A0,0061,
803A,00D0,0708,BD18,FDD1,FFA5,0077,0061,
803F,00EC,074C,BFFC,FF6E,001D,00A3,0061,
8044,00C8,0764,BDC8,FE5A,FFA4,0094,0061,
8049,022C,0554,C5A4,0206,FF8E,0180,0061,
804E,F8D0,04DC,BCF8,F486,FE42,FEFC,0061,
8053,0560,0AB8,CC34,13A8,031C,03AF,0061,
8058,00E4,0BF4,B0D8,ED87,FCF5,FF6B,0061,
805D,00B8,06B8,D618,07A0,021A,0001,0061,
8062,0170,0A20,ADCC,FB26,FE27,0131,0061,
8067,FFBC,05A4,CE74,FD27,01AB,FFE9,0061,
806C,01A4,0774,B424,FED9,FEF1,0152,0061,
8071,FE84,F7B4,0B1C,1819,F899,0046,0061,
8076,09AC,0DB0,8000,17C5,F4A0,0C1C,0061,
807B,FDDC,0BF4,E410,00C0,026B,FF7D,0061,
8080,03A0,0990,B8A0,0AFA,FC07,05F1,0061,
8085,00BC,06C0,BFBC,F992,04C6,FF04,0061,
808A,000C,0A14,CA04,018A,002F,012D,0061,
808F,01CC,09A8,B770,FE09,FF14,0054,0061,
8094,FFD8,0528,C4C0,FEFF,0097,003E,0061,
8099,0184,0910,BA30,FE75,FF9E,00C6,0061,
809E,00B0,0664,C2B8,FFF6,001D,00AB,0061,
80A3,016C,0844,BA04,FE36,FFE4,009A,0061,
80A8,0034,0684,C0B8,FF22,FFF6,008F,0061,
80AD,0128,0814,BD04,FF07,FFC5,00A8,0061,
80B2,0058,06E4,BEB8,FDF7,FFBF,0082,0061,
80B7,00E4,0754,C018,0007,0001,00B7,0061,
80BC,004C,0718,BC6C,FDD9,FF8A,0081,0061,
80C1,0118,0778,C058,FF35,001D,0085,0061,
80C6,0090,076C,BE5C,FE44,FF8B,00B9,0061,
80CB,009C,0768,BF14,FF2E,0013,0098,0061,
80D0,00F8,0738,BE74,FE5A,FF87,008D,0061,
80D5,00BC,0734,BEA0,FF19,0011,00AE,006